<?xml version="1.0" encoding="UTF-8"?>
<testng-results skipped="0" failed="0" ignored="0" total="1" passed="1">
  <reporter-output>
  </reporter-output>
  <suite name="Default suite" duration-ms="6444" started-at="2021-10-18T23:20:30 CDT" finished-at="2021-10-18T23:20:36 CDT">
    <groups>
    </groups>
    <test name="Default test" duration-ms="6444" started-at="2021-10-18T23:20:30 CDT" finished-at="2021-10-18T23:20:36 CDT">
      <class name="variousConcept.LearnTestNG">
        <test-method status="PASS" signature="readConfig()[pri:0, instance:variousConcept.LearnTestNG@307f6b8c]" name="readConfig" is-config="true" duration-ms="7" started-at="2021-10-18T23:20:30 CDT" finished-at="2021-10-18T23:20:30 CDT">
          <reporter-output>
          </reporter-output>
        </test-method> <!-- readConfig -->
        <test-method status="PASS" signature="launchBrowser()[pri:0, instance:variousConcept.LearnTestNG@307f6b8c]" name="launchBrowser" is-config="true" duration-ms="3274" started-at="2021-10-18T23:20:30 CDT" finished-at="2021-10-18T23:20:33 CDT">
          <reporter-output>
          </reporter-output>
        </test-method> <!-- launchBrowser -->
        <test-method status="PASS" signature="addCustomer()[pri:2, instance:variousConcept.LearnTestNG@307f6b8c]" name="addCustomer" duration-ms="3130" started-at="2021-10-18T23:20:33 CDT" finished-at="2021-10-18T23:20:36 CDT">
          <reporter-output>
          </reporter-output>
        </test-method> <!-- addCustomer -->
      </class> <!-- variousConcept.LearnTestNG -->
    </test> <!-- Default test -->
  </suite> <!-- Default suite -->
</testng-results>
